06/09/2018 23:18:45 - : -------------- Get_all_surveys ---------------
06/09/2018 23:18:47 - : Survey count: 102
06/09/2018 23:18:47 - : ----- Get All Surveys Complete -----
06/09/2018 23:20:06 - : -------------- Get_all_surveys ---------------
06/09/2018 23:20:08 - : Survey count: 102
06/09/2018 23:20:08 - : ----- Get All Surveys Complete -----
06/12/2018 14:18:02 - 68.107.189.223: -------------- Get_all_surveys ---------------
06/12/2018 14:18:09 - 68.107.189.223: Survey count: 102
06/12/2018 14:18:09 - 68.107.189.223: ----- Get All Surveys Complete -----
06/12/2018 14:24:24 - 68.107.189.223: -------------- Get_all_surveys ---------------
06/12/2018 14:24:26 - 68.107.189.223: Survey count: 102
06/12/2018 14:24:26 - 68.107.189.223: ----- Get All Surveys Complete -----
06/15/2018 05:10:02 - : --------------  cron: Get_all_surveys.php ---------------
06/15/2018 05:10:04 - : Survey count: 102
06/15/2018 05:10:04 - : ----- cron: Get All Surveys Complete -----
06/16/2018 05:10:01 - : --------------  cron: Get_all_surveys.php ---------------
06/16/2018 05:10:04 - : Survey count: 102
06/16/2018 05:10:04 - : ----- cron: Get All Surveys Complete -----
06/17/2018 05:10:02 - : --------------  cron: Get_all_surveys.php ---------------
06/17/2018 05:10:04 - : Survey count: 102
06/17/2018 05:10:04 - : ----- cron: Get All Surveys Complete -----
06/18/2018 05:10:01 - : --------------  cron: Get_all_surveys.php ---------------
06/18/2018 05:10:03 - : Survey count: 102
06/18/2018 05:10:03 - : ----- cron: Get All Surveys Complete -----
06/19/2018 05:10:02 - : --------------  cron: Get_all_surveys.php ---------------
06/19/2018 05:10:05 - : Survey count: 102
06/19/2018 05:10:05 - : ----- cron: Get All Surveys Complete -----
06/20/2018 05:10:01 - : --------------  cron: Get_all_surveys.php ---------------
06/20/2018 05:10:04 - : Survey count: 102
06/20/2018 05:10:04 - : ----- cron: Get All Surveys Complete -----
06/20/2018 12:59:44 - 82.34.15.57: -------------- Get_all_surveys ---------------
06/20/2018 12:59:48 - 82.34.15.57: Survey count: 102
06/20/2018 12:59:48 - 82.34.15.57: ----- Get All Surveys Complete -----
06/21/2018 05:10:01 - : --------------  cron: Get_all_surveys.php ---------------
06/21/2018 05:10:01 - : Survey count: 
06/21/2018 05:10:01 - : ----- cron: Get All Surveys Complete -----
06/21/2018 14:53:04 - 68.107.189.223: -------------- Get_all_surveys ---------------
06/21/2018 14:53:07 - 68.107.189.223: Survey count: 102
06/21/2018 14:53:07 - 68.107.189.223: ----- Get All Surveys Complete -----
06/22/2018 05:10:01 - : --------------  cron: Get_all_surveys.php ---------------
06/22/2018 05:10:03 - : Survey count: 102
06/22/2018 05:10:03 - : ----- cron: Get All Surveys Complete -----
06/23/2018 05:10:01 - : --------------  cron: Get_all_surveys.php ---------------
06/23/2018 05:10:03 - : Survey count: 102
06/23/2018 05:10:03 - : ----- cron: Get All Surveys Complete -----
06/24/2018 05:10:01 - : --------------  cron: Get_all_surveys.php ---------------
06/24/2018 05:10:04 - : Survey count: 102
06/24/2018 05:10:04 - : ----- cron: Get All Surveys Complete -----
06/25/2018 05:10:01 - : --------------  cron: Get_all_surveys.php ---------------
06/25/2018 05:10:03 - : Survey count: 102
06/25/2018 05:10:03 - : ----- cron: Get All Surveys Complete -----
06/26/2018 05:10:01 - : --------------  cron: Get_all_surveys.php ---------------
06/26/2018 05:10:03 - : Survey count: 102
06/26/2018 05:10:03 - : ----- cron: Get All Surveys Complete -----
06/27/2018 05:10:01 - : --------------  cron: Get_all_surveys.php ---------------
06/27/2018 05:10:02 - : Survey count: 
06/27/2018 05:10:02 - : ----- cron: Get All Surveys Complete -----
06/27/2018 13:15:35 - 68.107.189.223: -------------- Get_all_surveys ---------------
06/27/2018 13:15:38 - 68.107.189.223: Survey count: 102
06/27/2018 13:15:38 - 68.107.189.223: ----- Get All Surveys Complete -----
06/28/2018 05:10:01 - : --------------  cron: Get_all_surveys.php ---------------
06/28/2018 05:10:03 - : Survey count: 102
06/28/2018 05:10:03 - : ----- cron: Get All Surveys Complete -----
06/29/2018 05:10:01 - : --------------  cron: Get_all_surveys.php ---------------
06/29/2018 05:10:05 - : Survey count: 102
06/29/2018 05:10:05 - : ----- cron: Get All Surveys Complete -----
06/30/2018 05:10:01 - : --------------  cron: Get_all_surveys.php ---------------
06/30/2018 05:10:04 - : Survey count: 102
06/30/2018 05:10:04 - : ----- cron: Get All Surveys Complete -----
07/01/2018 05:10:01 - : --------------  cron: Get_all_surveys.php ---------------
07/01/2018 05:10:03 - : Survey count: 102
07/01/2018 05:10:03 - : ----- cron: Get All Surveys Complete -----
07/02/2018 05:10:01 - : --------------  cron: Get_all_surveys.php ---------------
07/02/2018 05:10:04 - : Survey count: 102
07/02/2018 05:10:04 - : ----- cron: Get All Surveys Complete -----
07/03/2018 05:10:01 - : --------------  cron: Get_all_surveys.php ---------------
07/03/2018 05:10:05 - : Survey count: 102
07/03/2018 05:10:05 - : ----- cron: Get All Surveys Complete -----
07/04/2018 05:10:01 - : --------------  cron: Get_all_surveys.php ---------------
07/04/2018 05:10:03 - : Survey count: 102
07/04/2018 05:10:03 - : ----- cron: Get All Surveys Complete -----
07/05/2018 05:10:01 - : --------------  cron: Get_all_surveys.php ---------------
07/05/2018 05:10:04 - : Survey count: 102
07/05/2018 05:10:04 - : ----- cron: Get All Surveys Complete -----
07/06/2018 05:10:01 - : --------------  cron: Get_all_surveys.php ---------------
07/06/2018 05:10:04 - : Survey count: 102
07/06/2018 05:10:04 - : ----- cron: Get All Surveys Complete -----
07/07/2018 05:10:01 - : --------------  cron: Get_all_surveys.php ---------------
07/07/2018 05:10:04 - : Survey count: 102
07/07/2018 05:10:04 - : ----- cron: Get All Surveys Complete -----
07/08/2018 05:10:01 - : --------------  cron: Get_all_surveys.php ---------------
07/08/2018 05:10:04 - : Survey count: 102
07/08/2018 05:10:04 - : ----- cron: Get All Surveys Complete -----
07/09/2018 05:10:01 - : --------------  cron: Get_all_surveys.php ---------------
07/09/2018 05:10:03 - : Survey count: 102
07/09/2018 05:10:03 - : ----- cron: Get All Surveys Complete -----
07/10/2018 05:10:01 - : --------------  cron: Get_all_surveys.php ---------------
07/10/2018 05:10:04 - : Survey count: 102
07/10/2018 05:10:04 - : ----- cron: Get All Surveys Complete -----
07/11/2018 05:10:02 - : --------------  cron: Get_all_surveys.php ---------------
07/11/2018 05:10:04 - : Survey count: 103
07/11/2018 05:10:04 - : ----- cron: Get All Surveys Complete -----
07/12/2018 05:10:01 - : --------------  cron: Get_all_surveys.php ---------------
07/12/2018 05:10:04 - : Survey count: 103
07/12/2018 05:10:04 - : ----- cron: Get All Surveys Complete -----
07/13/2018 05:10:01 - : --------------  cron: Get_all_surveys.php ---------------
07/13/2018 05:10:04 - : Survey count: 103
07/13/2018 05:10:04 - : ----- cron: Get All Surveys Complete -----
07/14/2018 05:10:01 - : --------------  cron: Get_all_surveys.php ---------------
07/14/2018 05:10:04 - : Survey count: 103
07/14/2018 05:10:04 - : ----- cron: Get All Surveys Complete -----
07/15/2018 05:10:01 - : --------------  cron: Get_all_surveys.php ---------------
07/15/2018 05:10:05 - : Survey count: 103
07/15/2018 05:10:05 - : ----- cron: Get All Surveys Complete -----
07/16/2018 05:10:01 - : --------------  cron: Get_all_surveys.php ---------------
07/16/2018 05:10:05 - : Survey count: 103
07/16/2018 05:10:05 - : ----- cron: Get All Surveys Complete -----
07/17/2018 05:10:01 - : --------------  cron: Get_all_surveys.php ---------------
07/17/2018 05:10:04 - : Survey count: 103
07/17/2018 05:10:04 - : ----- cron: Get All Surveys Complete -----
07/18/2018 05:10:01 - : --------------  cron: Get_all_surveys.php ---------------
07/18/2018 05:10:04 - : Survey count: 103
07/18/2018 05:10:04 - : ----- cron: Get All Surveys Complete -----
07/19/2018 05:10:01 - : --------------  cron: Get_all_surveys.php ---------------
07/19/2018 05:10:03 - : Survey count: 103
07/19/2018 05:10:03 - : ----- cron: Get All Surveys Complete -----
07/20/2018 05:10:01 - : --------------  cron: Get_all_surveys.php ---------------
07/20/2018 05:10:03 - : Survey count: 103
07/20/2018 05:10:03 - : ----- cron: Get All Surveys Complete -----
07/21/2018 05:10:01 - : --------------  cron: Get_all_surveys.php ---------------
07/21/2018 05:10:04 - : Survey count: 103
07/21/2018 05:10:04 - : ----- cron: Get All Surveys Complete -----
07/22/2018 05:10:02 - : --------------  cron: Get_all_surveys.php ---------------
07/22/2018 05:10:04 - : Survey count: 103
07/22/2018 05:10:04 - : ----- cron: Get All Surveys Complete -----
07/23/2018 05:10:01 - : --------------  cron: Get_all_surveys.php ---------------
07/23/2018 05:10:03 - : Survey count: 103
07/23/2018 05:10:03 - : ----- cron: Get All Surveys Complete -----
07/24/2018 05:10:01 - : --------------  cron: Get_all_surveys.php ---------------
07/24/2018 05:10:03 - : Survey count: 103
07/24/2018 05:10:03 - : ----- cron: Get All Surveys Complete -----
07/25/2018 05:10:01 - : --------------  cron: Get_all_surveys.php ---------------
07/25/2018 05:10:04 - : Survey count: 103
07/25/2018 05:10:04 - : ----- cron: Get All Surveys Complete -----
07/26/2018 05:10:01 - : --------------  cron: Get_all_surveys.php ---------------
07/26/2018 05:10:04 - : Survey count: 103
07/26/2018 05:10:04 - : ----- cron: Get All Surveys Complete -----
07/27/2018 05:10:01 - : --------------  cron: Get_all_surveys.php ---------------
07/27/2018 05:10:04 - : Survey count: 103
07/27/2018 05:10:04 - : ----- cron: Get All Surveys Complete -----
07/28/2018 05:10:01 - : --------------  cron: Get_all_surveys.php ---------------
07/28/2018 05:10:04 - : Survey count: 103
07/28/2018 05:10:04 - : ----- cron: Get All Surveys Complete -----
07/29/2018 05:10:01 - : --------------  cron: Get_all_surveys.php ---------------
07/29/2018 05:10:04 - : Survey count: 103
07/29/2018 05:10:04 - : ----- cron: Get All Surveys Complete -----
07/30/2018 05:10:01 - : --------------  cron: Get_all_surveys.php ---------------
07/30/2018 05:10:04 - : Survey count: 103
07/30/2018 05:10:04 - : ----- cron: Get All Surveys Complete -----
07/31/2018 05:10:01 - : --------------  cron: Get_all_surveys.php ---------------
07/31/2018 05:10:04 - : Survey count: 103
07/31/2018 05:10:04 - : ----- cron: Get All Surveys Complete -----
08/01/2018 05:10:01 - : --------------  cron: Get_all_surveys.php ---------------
08/01/2018 05:10:04 - : Survey count: 103
08/01/2018 05:10:04 - : ----- cron: Get All Surveys Complete -----
08/02/2018 05:10:01 - : --------------  cron: Get_all_surveys.php ---------------
08/02/2018 05:10:04 - : Survey count: 103
08/02/2018 05:10:04 - : ----- cron: Get All Surveys Complete -----
08/03/2018 05:10:01 - : --------------  cron: Get_all_surveys.php ---------------
08/03/2018 05:10:05 - : Survey count: 103
08/03/2018 05:10:05 - : ----- cron: Get All Surveys Complete -----
08/04/2018 05:10:01 - : --------------  cron: Get_all_surveys.php ---------------
08/04/2018 05:10:03 - : Survey count: 103
08/04/2018 05:10:03 - : ----- cron: Get All Surveys Complete -----
08/05/2018 05:10:01 - : --------------  cron: Get_all_surveys.php ---------------
08/05/2018 05:10:04 - : Survey count: 103
08/05/2018 05:10:04 - : ----- cron: Get All Surveys Complete -----
08/06/2018 05:10:01 - : --------------  cron: Get_all_surveys.php ---------------
08/06/2018 05:10:03 - : Survey count: 103
08/06/2018 05:10:03 - : ----- cron: Get All Surveys Complete -----
08/07/2018 05:10:01 - : --------------  cron: Get_all_surveys.php ---------------
08/07/2018 05:10:04 - : Survey count: 103
08/07/2018 05:10:04 - : ----- cron: Get All Surveys Complete -----
08/08/2018 05:10:01 - : --------------  cron: Get_all_surveys.php ---------------
08/08/2018 05:10:03 - : Survey count: 103
08/08/2018 05:10:03 - : ----- cron: Get All Surveys Complete -----
08/09/2018 05:10:02 - : --------------  cron: Get_all_surveys.php ---------------
08/09/2018 05:10:04 - : Survey count: 103
08/09/2018 05:10:04 - : ----- cron: Get All Surveys Complete -----
08/10/2018 05:10:02 - : --------------  cron: Get_all_surveys.php ---------------
08/10/2018 05:10:04 - : Survey count: 103
08/10/2018 05:10:04 - : ----- cron: Get All Surveys Complete -----
08/11/2018 05:10:01 - : --------------  cron: Get_all_surveys.php ---------------
08/11/2018 05:10:02 - : Survey count: 
08/11/2018 05:10:02 - : ----- cron: Get All Surveys Complete -----
08/12/2018 05:10:01 - : --------------  cron: Get_all_surveys.php ---------------
08/12/2018 05:10:04 - : Survey count: 103
08/12/2018 05:10:04 - : ----- cron: Get All Surveys Complete -----
08/13/2018 05:10:01 - : --------------  cron: Get_all_surveys.php ---------------
08/13/2018 05:10:04 - : Survey count: 103
08/13/2018 05:10:04 - : ----- cron: Get All Surveys Complete -----
08/14/2018 05:10:01 - : --------------  cron: Get_all_surveys.php ---------------
08/14/2018 05:10:04 - : Survey count: 103
08/14/2018 05:10:04 - : ----- cron: Get All Surveys Complete -----
08/15/2018 05:10:01 - : --------------  cron: Get_all_surveys.php ---------------
08/15/2018 05:10:05 - : Survey count: 103
08/15/2018 05:10:05 - : ----- cron: Get All Surveys Complete -----
08/15/2018 12:14:22 - 82.23.201.76: -------------- Get_all_surveys ---------------
08/15/2018 12:14:24 - 82.23.201.76: Survey count: 103
08/15/2018 12:14:24 - 82.23.201.76: ----- Get All Surveys Complete -----
08/16/2018 05:10:01 - : --------------  cron: Get_all_surveys.php ---------------
08/16/2018 05:10:04 - : Survey count: 103
08/16/2018 05:10:04 - : ----- cron: Get All Surveys Complete -----
08/17/2018 05:10:01 - : --------------  cron: Get_all_surveys.php ---------------
08/17/2018 05:10:04 - : Survey count: 103
08/17/2018 05:10:04 - : ----- cron: Get All Surveys Complete -----
08/18/2018 05:10:01 - : --------------  cron: Get_all_surveys.php ---------------
08/18/2018 05:10:03 - : Survey count: 103
08/18/2018 05:10:03 - : ----- cron: Get All Surveys Complete -----
08/19/2018 05:10:01 - : --------------  cron: Get_all_surveys.php ---------------
08/19/2018 05:10:04 - : Survey count: 103
08/19/2018 05:10:04 - : ----- cron: Get All Surveys Complete -----
08/20/2018 05:10:01 - : --------------  cron: Get_all_surveys.php ---------------
08/20/2018 05:10:04 - : Survey count: 103
08/20/2018 05:10:04 - : ----- cron: Get All Surveys Complete -----
08/21/2018 05:10:01 - : --------------  cron: Get_all_surveys.php ---------------
08/21/2018 05:10:04 - : Survey count: 103
08/21/2018 05:10:04 - : ----- cron: Get All Surveys Complete -----
08/22/2018 05:10:01 - : --------------  cron: Get_all_surveys.php ---------------
08/22/2018 05:10:05 - : Survey count: 103
08/22/2018 05:10:05 - : ----- cron: Get All Surveys Complete -----
08/23/2018 05:10:01 - : --------------  cron: Get_all_surveys.php ---------------
08/23/2018 05:10:05 - : Survey count: 103
08/23/2018 05:10:05 - : ----- cron: Get All Surveys Complete -----
08/24/2018 05:10:01 - : --------------  cron: Get_all_surveys.php ---------------
08/24/2018 05:10:05 - : Survey count: 103
08/24/2018 05:10:05 - : ----- cron: Get All Surveys Complete -----
08/25/2018 05:10:01 - : --------------  cron: Get_all_surveys.php ---------------
08/25/2018 05:10:07 - : Survey count: 103
08/25/2018 05:10:07 - : ----- cron: Get All Surveys Complete -----
08/26/2018 05:10:02 - : --------------  cron: Get_all_surveys.php ---------------
08/26/2018 05:10:05 - : Survey count: 103
08/26/2018 05:10:05 - : ----- cron: Get All Surveys Complete -----
08/27/2018 05:10:01 - : --------------  cron: Get_all_surveys.php ---------------
08/27/2018 05:10:05 - : Survey count: 103
08/27/2018 05:10:05 - : ----- cron: Get All Surveys Complete -----
08/28/2018 05:10:01 - : --------------  cron: Get_all_surveys.php ---------------
08/28/2018 05:10:05 - : Survey count: 103
08/28/2018 05:10:05 - : ----- cron: Get All Surveys Complete -----
08/29/2018 05:10:01 - : --------------  cron: Get_all_surveys.php ---------------
08/29/2018 05:10:04 - : Survey count: 103
08/29/2018 05:10:04 - : ----- cron: Get All Surveys Complete -----
08/30/2018 05:10:02 - : --------------  cron: Get_all_surveys.php ---------------
08/30/2018 05:10:05 - : Survey count: 103
08/30/2018 05:10:05 - : ----- cron: Get All Surveys Complete -----
08/31/2018 05:10:01 - : --------------  cron: Get_all_surveys.php ---------------
08/31/2018 05:10:04 - : Survey count: 103
08/31/2018 05:10:04 - : ----- cron: Get All Surveys Complete -----
09/01/2018 05:10:01 - : --------------  cron: Get_all_surveys.php ---------------
09/01/2018 05:10:03 - : Survey count: 103
09/01/2018 05:10:03 - : ----- cron: Get All Surveys Complete -----
09/02/2018 05:10:01 - : --------------  cron: Get_all_surveys.php ---------------
09/02/2018 05:10:04 - : Survey count: 103
09/02/2018 05:10:04 - : ----- cron: Get All Surveys Complete -----
09/03/2018 05:10:02 - : --------------  cron: Get_all_surveys.php ---------------
09/03/2018 05:10:04 - : Survey count: 103
09/03/2018 05:10:04 - : ----- cron: Get All Surveys Complete -----
09/04/2018 05:10:01 - : --------------  cron: Get_all_surveys.php ---------------
09/04/2018 05:10:04 - : Survey count: 103
09/04/2018 05:10:04 - : ----- cron: Get All Surveys Complete -----
09/05/2018 05:10:01 - : --------------  cron: Get_all_surveys.php ---------------
09/05/2018 05:10:04 - : Survey count: 103
09/05/2018 05:10:04 - : ----- cron: Get All Surveys Complete -----
09/06/2018 05:10:01 - : --------------  cron: Get_all_surveys.php ---------------
09/06/2018 05:10:06 - : Survey count: 103
09/06/2018 05:10:06 - : ----- cron: Get All Surveys Complete -----
09/07/2018 05:10:01 - : --------------  cron: Get_all_surveys.php ---------------
09/07/2018 05:10:03 - : Survey count: 103
09/07/2018 05:10:03 - : ----- cron: Get All Surveys Complete -----
09/08/2018 05:10:01 - : --------------  cron: Get_all_surveys.php ---------------
09/08/2018 05:10:05 - : Survey count: 103
09/08/2018 05:10:05 - : ----- cron: Get All Surveys Complete -----
09/09/2018 05:10:01 - : --------------  cron: Get_all_surveys.php ---------------
09/09/2018 05:10:04 - : Survey count: 103
09/09/2018 05:10:04 - : ----- cron: Get All Surveys Complete -----
09/10/2018 05:10:01 - : --------------  cron: Get_all_surveys.php ---------------
09/10/2018 05:10:04 - : Survey count: 103
09/10/2018 05:10:04 - : ----- cron: Get All Surveys Complete -----
09/11/2018 05:10:01 - : --------------  cron: Get_all_surveys.php ---------------
09/11/2018 05:10:04 - : Survey count: 103
09/11/2018 05:10:04 - : ----- cron: Get All Surveys Complete -----
09/12/2018 05:10:01 - : --------------  cron: Get_all_surveys.php ---------------
09/12/2018 05:10:04 - : Survey count: 103
09/12/2018 05:10:04 - : ----- cron: Get All Surveys Complete -----
09/13/2018 05:10:01 - : --------------  cron: Get_all_surveys.php ---------------
09/13/2018 05:10:05 - : Survey count: 103
09/13/2018 05:10:05 - : ----- cron: Get All Surveys Complete -----
09/14/2018 05:10:01 - : --------------  cron: Get_all_surveys.php ---------------
09/14/2018 05:10:04 - : Survey count: 103
09/14/2018 05:10:04 - : ----- cron: Get All Surveys Complete -----
09/15/2018 05:10:02 - : --------------  cron: Get_all_surveys.php ---------------
09/15/2018 05:10:05 - : Survey count: 103
09/15/2018 05:10:05 - : ----- cron: Get All Surveys Complete -----
09/16/2018 05:10:01 - : --------------  cron: Get_all_surveys.php ---------------
09/16/2018 05:10:04 - : Survey count: 103
09/16/2018 05:10:04 - : ----- cron: Get All Surveys Complete -----
09/17/2018 05:10:01 - : --------------  cron: Get_all_surveys.php ---------------
09/17/2018 05:10:04 - : Survey count: 103
09/17/2018 05:10:04 - : ----- cron: Get All Surveys Complete -----
09/18/2018 05:10:01 - : --------------  cron: Get_all_surveys.php ---------------
09/18/2018 05:10:04 - : Survey count: 103
09/18/2018 05:10:04 - : ----- cron: Get All Surveys Complete -----
