[05-Jan-2018 03:26:46 Etc/UTC] PHP Parse error:  syntax error, unexpected '<' in patients.php on line 3
[05-Jan-2018 04:47:03 Etc/UTC] PHP Parse error:  syntax error, unexpected '$nhsNumber' (T_VARIABLE) in patients.php on line 180
[05-Jan-2018 04:47:29 Etc/UTC] PHP Parse error:  syntax error, unexpected ';' in patients.php on line 187
[05-Jan-2018 04:48:25 Etc/UTC] PHP Parse error:  syntax error, unexpected ';' in patients.php on line 187
[06-Jan-2018 21:35:52 Etc/UTC] PHP Parse error:  syntax error, unexpected '/' in patients.php on line 389
[07-Jan-2018 01:09:03 Etc/UTC] PHP Parse error:  syntax error, unexpected '>' in patients.php on line 284
[07-Jan-2018 01:10:18 Etc/UTC] PHP Parse error:  syntax error, unexpected '>' in patients.php on line 284
[07-Jan-2018 04:09:05 Etc/UTC] PHP Parse error:  syntax error, unexpected '"; ?><span class="' (T_CONSTANT_ENCAPSED_STRING), expecting ',' or ';' in patients.php on line 694
[15-Feb-2018 02:02:36 Etc/UTC] PHP Parse error:  syntax error, unexpected '' (T_ENCAPSED_AND_WHITESPACE), expecting identifier (T_STRING) or variable (T_VARIABLE) or number (T_NUM_STRING) in patients_a.php on line 231
[25-Feb-2018 04:25:36 Etc/UTC] PHP Parse error:  syntax error, unexpected 'Open' (T_STRING) in ../utilities.php on line 64
[25-Feb-2018 19:33:01 Etc/UTC] PHP Parse error:  syntax error, unexpected ''edit_postalcode).",' (T_CONSTANT_ENCAPSED_STRING), expecting variable (T_VARIABLE) or '$' in patients_a.php on line 101
[26-Feb-2018 06:22:23 Etc/UTC] PHP Parse error:  syntax error, unexpected '$url' (T_VARIABLE) in patients_a.php on line 353
[05-Mar-2018 01:48:38 Etc/UTC] PHP Parse error:  syntax error, unexpected ')' in patients_a.php on line 208
[05-Mar-2018 01:48:50 Etc/UTC] PHP Parse error:  syntax error, unexpected ')' in patients_a.php on line 208
[17-Mar-2018 22:37:30 Etc/UTC] PHP Parse error:  syntax error, unexpected '}' in patients.php on line 849
[17-Mar-2018 23:49:42 Etc/UTC] PHP Parse error:  syntax error, unexpected '$pe_id' (T_VARIABLE) in patients.php on line 1224
[18-Mar-2018 00:21:10 Etc/UTC] PHP Parse error:  syntax error, unexpected ';' in ../val/validation2_a.php on line 32
[21-Mar-2018 03:21:36 Etc/UTC] PHP Parse error:  syntax error, unexpected 'echo' (T_ECHO) in patients.php on line 896
[25-Mar-2018 23:36:11 Etc/UTC] PHP Parse error:  syntax error, unexpected ';', expecting ')' in resend_invite.php on line 33
[27-Mar-2018 01:02:34 Etc/UTC] PHP Parse error:  syntax error, unexpected '1' (T_LNUMBER), expecting variable (T_VARIABLE) or '$' in functions.php on line 270
[27-Mar-2018 01:02:58 Etc/UTC] PHP Parse error:  syntax error, unexpected '1' (T_LNUMBER), expecting variable (T_VARIABLE) or '$' in functions.php on line 298
[27-Mar-2018 01:56:29 Etc/UTC] PHP Parse error:  syntax error, unexpected ')' in functions.php on line 329
[27-Mar-2018 02:39:07 Etc/UTC] PHP Parse error:  syntax error, unexpected 'echo' (T_ECHO) in patients.php on line 902
[27-Mar-2018 13:49:22 Etc/UTC] PHP Parse error:  syntax error, unexpected 'get_future_tl' (T_STRING) in functions.php on line 341
[27-Mar-2018 13:49:43 Etc/UTC] PHP Parse error:  syntax error, unexpected 'get_future_tl' (T_STRING) in functions.php on line 341
[27-Mar-2018 13:49:56 Etc/UTC] PHP Parse error:  syntax error, unexpected 'dateCreated' (T_STRING), expecting ']' in functions.php on line 362
[27-Mar-2018 13:51:03 Etc/UTC] PHP Parse error:  syntax error, unexpected ''c_timelineEntryDetail]="<stro' (T_ENCAPSED_AND_WHITESPACE), expecting ']' in functions.php on line 366
[29-Mar-2018 00:03:03 Etc/UTC] PHP Parse error:  syntax error, unexpected '<' in patients.php on line 1583
[29-Mar-2018 02:14:56 Etc/UTC] PHP Parse error:  syntax error, unexpected 'session_start' (T_STRING) in ajax/set_proc_id_data.php on line 10
[29-Mar-2018 19:45:00 Etc/UTC] PHP Parse error:  syntax error, unexpected '"' in patients_a.php on line 82
[29-Mar-2018 19:45:59 Etc/UTC] PHP Parse error:  syntax error, unexpected ']' in patients_a.php on line 96
[30-Mar-2018 19:12:56 Etc/UTC] PHP Parse error:  syntax error, unexpected '']);' (T_CONSTANT_ENCAPSED_STRING) in patients.php on line 1560
[30-Mar-2018 19:13:19 Etc/UTC] PHP Parse error:  syntax error, unexpected '']);' (T_CONSTANT_ENCAPSED_STRING) in patients.php on line 1562
[30-Mar-2018 19:19:09 Etc/UTC] PHP Parse error:  syntax error, unexpected ';' in patients.php on line 1555
[30-Mar-2018 19:19:46 Etc/UTC] PHP Parse error:  syntax error, unexpected '']);' (T_CONSTANT_ENCAPSED_STRING) in patients.php on line 1563
[01-Apr-2018 15:53:13 Etc/UTC] PHP Parse error:  syntax error, unexpected '.', expecting ',' or ')' in patients.php on line 908
[03-Apr-2018 00:11:55 Etc/UTC] PHP Parse error:  syntax error, unexpected '$procdate_rtn_str' (T_VARIABLE), expecting '(' in patients.php on line 1680
[03-Apr-2018 00:52:35 Etc/UTC] PHP Parse error:  syntax error, unexpected end of file in patients.php on line 2070
[16-Apr-2018 13:10:32 Etc/UTC] PHP Parse error:  syntax error, unexpected '=' in patients.php on line 1389
[16-Apr-2018 13:11:07 Etc/UTC] PHP Parse error:  syntax error, unexpected '=' in patients.php on line 1389
[19-Apr-2018 14:48:18 Etc/UTC] PHP Parse error:  syntax error, unexpected 'else' (T_ELSE) in ../utilities.php on line 103
[19-Apr-2018 14:54:40 Etc/UTC] PHP Parse error:  syntax error, unexpected 'else' (T_ELSE) in patients_a.php on line 94
